app/build/intermediates/manifest_merge_blame_file/debug/manifest-merger-blame-debug-report.txt
1<?xml version="1.0" encoding="utf-8"?>
2<manifest xmlns:android="http://schemas.android.com/apk/res/android"
3    package="com.zira.app"
4    android:versionCode="1"
5    android:versionName="1.0.0" >
6
7    <uses-sdk
8        android:minSdkVersion="26"
9        android:targetSdkVersion="34" />
10
11    <uses-permission android:name="android.permission.INTERNET" />
11-->src\main\AndroidManifest.xml:4:5-67
11-->src\main\AndroidManifest.xml:4:22-64
12    <uses-permission android:name="android.permission.ACCESS_NETWORK_STATE" />
12-->src\main\AndroidManifest.xml:5:5-79
12-->src\main\AndroidManifest.xml:5:22-76
13
14    <permission
14-->[androidx.core:core:1.9.0] AndroidManifest.xml:22:5-24:47
15        android:name="com.zira.app.DYNAMIC_RECEIVER_NOT_EXPORTED_PERMISSION"
15-->[androidx.core:core:1.9.0] AndroidManifest.xml:23:9-81
16        android:protectionLevel="signature" />
16-->[androidx.core:core:1.9.0] AndroidManifest.xml:24:9-44
17
18    <uses-permission android:name="com.zira.app.DYNAMIC_RECEIVER_NOT_EXPORTED_PERMISSION" />
18-->[androidx.core:core:1.9.0] AndroidManifest.xml:26:5-97
18-->[androidx.core:core:1.9.0] AndroidManifest.xml:26:22-94
19
20    <application
20-->src\main\AndroidManifest.xml:7:5-88:19
21        android:name="com.zira.app.ZiraApplication"
21-->src\main\AndroidManifest.xml:8:9-40
22        android:allowBackup="true"
22-->src\main\AndroidManifest.xml:9:9-35
23        android:appComponentFactory="androidx.core.app.CoreComponentFactory"
23-->[androidx.core:core:1.9.0] AndroidManifest.xml:28:18-86
24        android:debuggable="true"
25        android:extractNativeLibs="false"
26        android:icon="@mipmap/ic_launcher"
26-->src\main\AndroidManifest.xml:10:9-43
27        android:label="@string/app_name"
27-->src\main\AndroidManifest.xml:11:9-41
28        android:networkSecurityConfig="@xml/network_security_config"
28-->src\main\AndroidManifest.xml:12:9-69
29        android:roundIcon="@mipmap/ic_launcher_round"
29-->src\main\AndroidManifest.xml:13:9-54
30        android:supportsRtl="true"
30-->src\main\AndroidManifest.xml:14:9-35
31        android:testOnly="true"
32        android:theme="@style/Theme.Zira"
32-->src\main\AndroidManifest.xml:15:9-42
33        android:usesCleartextTraffic="true" >
33-->src\main\AndroidManifest.xml:16:9-44
34        <activity
34-->src\main\AndroidManifest.xml:18:9-26:20
35            android:name="com.zira.app.ui.SplashActivity"
35-->src\main\AndroidManifest.xml:19:13-46
36            android:exported="true"
36-->src\main\AndroidManifest.xml:20:13-36
37            android:theme="@style/Theme.Zira.Splash" >
37-->src\main\AndroidManifest.xml:21:13-53
38            <intent-filter>
38-->src\main\AndroidManifest.xml:22:13-25:29
39                <action android:name="android.intent.action.MAIN" />
39-->src\main\AndroidManifest.xml:23:17-69
39-->src\main\AndroidManifest.xml:23:25-66
40
41                <category android:name="android.intent.category.LAUNCHER" />
41-->src\main\AndroidManifest.xml:24:17-77
41-->src\main\AndroidManifest.xml:24:27-74
42            </intent-filter>
43        </activity>
44        <activity
44-->src\main\AndroidManifest.xml:28:9-31:58
45            android:name="com.zira.app.ui.auth.LoginActivity"
45-->src\main\AndroidManifest.xml:29:13-50
46            android:exported="false"
46-->src\main\AndroidManifest.xml:30:13-37
47            android:windowSoftInputMode="adjustResize" />
47-->src\main\AndroidManifest.xml:31:13-55
48        <activity
48-->src\main\AndroidManifest.xml:33:9-36:58
49            android:name="com.zira.app.ui.auth.RegisterActivity"
49-->src\main\AndroidManifest.xml:34:13-53
50            android:exported="false"
50-->src\main\AndroidManifest.xml:35:13-37
51            android:windowSoftInputMode="adjustResize" />
51-->src\main\AndroidManifest.xml:36:13-55
52        <activity
52-->src\main\AndroidManifest.xml:38:9-40:40
53            android:name="com.zira.app.ui.onboarding.OnboardingActivity"
53-->src\main\AndroidManifest.xml:39:13-61
54            android:exported="false" />
54-->src\main\AndroidManifest.xml:40:13-37
55        <activity
55-->src\main\AndroidManifest.xml:42:9-45:46
56            android:name="com.zira.app.ui.home.HomeActivity"
56-->src\main\AndroidManifest.xml:43:13-49
57            android:exported="false"
57-->src\main\AndroidManifest.xml:44:13-37
58            android:launchMode="singleTop" />
58-->src\main\AndroidManifest.xml:45:13-43
59        <activity
59-->src\main\AndroidManifest.xml:47:9-51:58
60            android:name="com.zira.app.ui.ask.AskActivity"
60-->src\main\AndroidManifest.xml:48:13-47
61            android:exported="false"
61-->src\main\AndroidManifest.xml:49:13-37
62            android:launchMode="singleTop"
62-->src\main\AndroidManifest.xml:50:13-43
63            android:windowSoftInputMode="adjustResize" />
63-->src\main\AndroidManifest.xml:51:13-55
64        <activity
64-->src\main\AndroidManifest.xml:53:9-56:46
65            android:name="com.zira.app.ui.flashcards.FlashcardActivity"
65-->src\main\AndroidManifest.xml:54:13-60
66            android:exported="false"
66-->src\main\AndroidManifest.xml:55:13-37
67            android:launchMode="singleTop" />
67-->src\main\AndroidManifest.xml:56:13-43
68        <activity
68-->src\main\AndroidManifest.xml:58:9-61:77
69            android:name="com.zira.app.ui.flashcards.FlashcardReviewActivity"
69-->src\main\AndroidManifest.xml:59:13-66
70            android:exported="false"
70-->src\main\AndroidManifest.xml:60:13-37
71            android:parentActivityName="com.zira.app.ui.flashcards.FlashcardActivity" />
71-->src\main\AndroidManifest.xml:61:13-74
72        <activity
72-->src\main\AndroidManifest.xml:63:9-66:46
73            android:name="com.zira.app.ui.progress.ProgressActivity"
73-->src\main\AndroidManifest.xml:64:13-57
74            android:exported="false"
74-->src\main\AndroidManifest.xml:65:13-37
75            android:launchMode="singleTop" />
75-->src\main\AndroidManifest.xml:66:13-43
76        <activity
76-->src\main\AndroidManifest.xml:68:9-71:46
77            android:name="com.zira.app.ui.profile.ProfileActivity"
77-->src\main\AndroidManifest.xml:69:13-55
78            android:exported="false"
78-->src\main\AndroidManifest.xml:70:13-37
79            android:launchMode="singleTop" />
79-->src\main\AndroidManifest.xml:71:13-43
80        <activity
80-->src\main\AndroidManifest.xml:73:9-76:66
81            android:name="com.zira.app.ui.quiz.QuizActivity"
81-->src\main\AndroidManifest.xml:74:13-49
82            android:exported="false"
82-->src\main\AndroidManifest.xml:75:13-37
83            android:parentActivityName="com.zira.app.ui.home.HomeActivity" />
83-->src\main\AndroidManifest.xml:76:13-63
84        <activity
84-->src\main\AndroidManifest.xml:78:9-81:66
85            android:name="com.zira.app.ui.quiz.ResultActivity"
85-->src\main\AndroidManifest.xml:79:13-51
86            android:exported="false"
86-->src\main\AndroidManifest.xml:80:13-37
87            android:parentActivityName="com.zira.app.ui.quiz.QuizActivity" />
87-->src\main\AndroidManifest.xml:81:13-63
88        <activity
88-->src\main\AndroidManifest.xml:83:9-86:72
89            android:name="com.zira.app.ui.schedule.ScheduleActivity"
89-->src\main\AndroidManifest.xml:84:13-57
90            android:exported="false"
90-->src\main\AndroidManifest.xml:85:13-37
91            android:parentActivityName="com.zira.app.ui.profile.ProfileActivity" />
91-->src\main\AndroidManifest.xml:86:13-69
92
93        <provider
93-->[androidx.emoji2:emoji2:1.2.0] AndroidManifest.xml:24:9-32:20
94            android:name="androidx.startup.InitializationProvider"
94-->[androidx.emoji2:emoji2:1.2.0] AndroidManifest.xml:25:13-67
95            android:authorities="com.zira.app.androidx-startup"
95-->[androidx.emoji2:emoji2:1.2.0] AndroidManifest.xml:26:13-68
96            android:exported="false" >
96-->[androidx.emoji2:emoji2:1.2.0] AndroidManifest.xml:27:13-37
97            <meta-data
97-->[androidx.emoji2:emoji2:1.2.0] AndroidManifest.xml:29:13-31:52
98                android:name="androidx.emoji2.text.EmojiCompatInitializer"
98-->[androidx.emoji2:emoji2:1.2.0] AndroidManifest.xml:30:17-75
99                android:value="androidx.startup" />
99-->[androidx.emoji2:emoji2:1.2.0] AndroidManifest.xml:31:17-49
100            <meta-data
100-->[androidx.lifecycle:lifecycle-process:2.7.0] AndroidManifest.xml:29:13-31:52
101                android:name="androidx.lifecycle.ProcessLifecycleInitializer"
101-->[androidx.lifecycle:lifecycle-process:2.7.0] AndroidManifest.xml:30:17-78
102                android:value="androidx.startup" />
102-->[androidx.lifecycle:lifecycle-process:2.7.0] AndroidManifest.xml:31:17-49
103            <meta-data
103-->[androidx.profileinstaller:profileinstaller:1.3.0] AndroidManifest.xml:29:13-31:52
104                android:name="androidx.profileinstaller.ProfileInstallerInitializer"
104-->[androidx.profileinstaller:profileinstaller:1.3.0] AndroidManifest.xml:30:17-85
105                android:value="androidx.startup" />
105-->[androidx.profileinstaller:profileinstaller:1.3.0] AndroidManifest.xml:31:17-49
106        </provider>
107
108        <activity
108-->[com.google.firebase:firebase-auth:22.3.0] AndroidManifest.xml:29:9-46:20
109            android:name="com.google.firebase.auth.internal.GenericIdpActivity"
109-->[com.google.firebase:firebase-auth:22.3.0] AndroidManifest.xml:30:13-80
110            android:excludeFromRecents="true"
110-->[com.google.firebase:firebase-auth:22.3.0] AndroidManifest.xml:31:13-46
111            android:exported="true"
111-->[com.google.firebase:firebase-auth:22.3.0] AndroidManifest.xml:32:13-36
112            android:launchMode="singleTask"
112-->[com.google.firebase:firebase-auth:22.3.0] AndroidManifest.xml:33:13-44
113            android:theme="@android:style/Theme.Translucent.NoTitleBar" >
113-->[com.google.firebase:firebase-auth:22.3.0] AndroidManifest.xml:34:13-72
114            <intent-filter>
114-->[com.google.firebase:firebase-auth:22.3.0] AndroidManifest.xml:35:13-45:29
115                <action android:name="android.intent.action.VIEW" />
115-->[com.google.firebase:firebase-auth:22.3.0] AndroidManifest.xml:36:17-69
115-->[com.google.firebase:firebase-auth:22.3.0] AndroidManifest.xml:36:25-66
116
117                <category android:name="android.intent.category.DEFAULT" />
117-->[com.google.firebase:firebase-auth:22.3.0] AndroidManifest.xml:38:17-76
117-->[com.google.firebase:firebase-auth:22.3.0] AndroidManifest.xml:38:27-73
118                <category android:name="android.intent.category.BROWSABLE" />
118-->[com.google.firebase:firebase-auth:22.3.0] AndroidManifest.xml:39:17-78
118-->[com.google.firebase:firebase-auth:22.3.0] AndroidManifest.xml:39:27-75
119
120                <data
120-->[com.google.firebase:firebase-auth:22.3.0] AndroidManifest.xml:41:17-44:51
121                    android:host="firebase.auth"
121-->[com.google.firebase:firebase-auth:22.3.0] AndroidManifest.xml:42:21-49
122                    android:path="/"
122-->[com.google.firebase:firebase-auth:22.3.0] AndroidManifest.xml:43:21-37
123                    android:scheme="genericidp" />
123-->[com.google.firebase:firebase-auth:22.3.0] AndroidManifest.xml:44:21-48
124            </intent-filter>
125        </activity>
126        <activity
126-->[com.google.firebase:firebase-auth:22.3.0] AndroidManifest.xml:47:9-64:20
127            android:name="com.google.firebase.auth.internal.RecaptchaActivity"
127-->[com.google.firebase:firebase-auth:22.3.0] AndroidManifest.xml:48:13-79
128            android:excludeFromRecents="true"
128-->[com.google.firebase:firebase-auth:22.3.0] AndroidManifest.xml:49:13-46
129            android:exported="true"
129-->[com.google.firebase:firebase-auth:22.3.0] AndroidManifest.xml:50:13-36
130            android:launchMode="singleTask"
130-->[com.google.firebase:firebase-auth:22.3.0] AndroidManifest.xml:51:13-44
131            android:theme="@android:style/Theme.Translucent.NoTitleBar" >
131-->[com.google.firebase:firebase-auth:22.3.0] AndroidManifest.xml:52:13-72
132            <intent-filter>
132-->[com.google.firebase:firebase-auth:22.3.0] AndroidManifest.xml:53:13-63:29
133                <action android:name="android.intent.action.VIEW" />
133-->[com.google.firebase:firebase-auth:22.3.0] AndroidManifest.xml:36:17-69
133-->[com.google.firebase:firebase-auth:22.3.0] AndroidManifest.xml:36:25-66
134
135                <category android:name="android.intent.category.DEFAULT" />
135-->[com.google.firebase:firebase-auth:22.3.0] AndroidManifest.xml:38:17-76
135-->[com.google.firebase:firebase-auth:22.3.0] AndroidManifest.xml:38:27-73
136                <category android:name="android.intent.category.BROWSABLE" />
136-->[com.google.firebase:firebase-auth:22.3.0] AndroidManifest.xml:39:17-78
136-->[com.google.firebase:firebase-auth:22.3.0] AndroidManifest.xml:39:27-75
137
138                <data
138-->[com.google.firebase:firebase-auth:22.3.0] AndroidManifest.xml:41:17-44:51
139                    android:host="firebase.auth"
139-->[com.google.firebase:firebase-auth:22.3.0] AndroidManifest.xml:42:21-49
140                    android:path="/"
140-->[com.google.firebase:firebase-auth:22.3.0] AndroidManifest.xml:43:21-37
141                    android:scheme="recaptcha" />
141-->[com.google.firebase:firebase-auth:22.3.0] AndroidManifest.xml:44:21-48
142            </intent-filter>
143        </activity>
144
145        <service
145-->[com.google.firebase:firebase-auth:22.3.0] AndroidManifest.xml:66:9-72:19
146            android:name="com.google.firebase.components.ComponentDiscoveryService"
146-->[com.google.firebase:firebase-auth:22.3.0] AndroidManifest.xml:67:13-84
147            android:directBootAware="true"
147-->[com.google.firebase:firebase-common:20.4.2] AndroidManifest.xml:32:13-43
148            android:exported="false" >
148-->[com.google.firebase:firebase-auth:22.3.0] AndroidManifest.xml:68:13-37
149            <meta-data
149-->[com.google.firebase:firebase-auth:22.3.0] AndroidManifest.xml:69:13-71:85
150                android:name="com.google.firebase.components:com.google.firebase.auth.FirebaseAuthRegistrar"
150-->[com.google.firebase:firebase-auth:22.3.0] AndroidManifest.xml:70:17-109
151                android:value="com.google.firebase.components.ComponentRegistrar" />
151-->[com.google.firebase:firebase-auth:22.3.0] AndroidManifest.xml:71:17-82
152            <meta-data
152-->[com.google.firebase:firebase-firestore:24.10.0] AndroidManifest.xml:17:13-19:85
153                android:name="com.google.firebase.components:com.google.firebase.firestore.FirebaseFirestoreKtxRegistrar"
153-->[com.google.firebase:firebase-firestore:24.10.0] AndroidManifest.xml:18:17-122
154                android:value="com.google.firebase.components.ComponentRegistrar" />
154-->[com.google.firebase:firebase-firestore:24.10.0] AndroidManifest.xml:19:17-82
155            <meta-data
155-->[com.google.firebase:firebase-firestore:24.10.0] AndroidManifest.xml:20:13-22:85
156                android:name="com.google.firebase.components:com.google.firebase.firestore.FirestoreRegistrar"
156-->[com.google.firebase:firebase-firestore:24.10.0] AndroidManifest.xml:21:17-111
157                android:value="com.google.firebase.components.ComponentRegistrar" />
157-->[com.google.firebase:firebase-firestore:24.10.0] AndroidManifest.xml:22:17-82
158            <meta-data
158-->[com.google.firebase:firebase-common-ktx:20.4.2] AndroidManifest.xml:12:13-14:85
159                android:name="com.google.firebase.components:com.google.firebase.ktx.FirebaseCommonLegacyRegistrar"
159-->[com.google.firebase:firebase-common-ktx:20.4.2] AndroidManifest.xml:13:17-116
160                android:value="com.google.firebase.components.ComponentRegistrar" />
160-->[com.google.firebase:firebase-common-ktx:20.4.2] AndroidManifest.xml:14:17-82
161            <meta-data
161-->[com.google.firebase:firebase-common:20.4.2] AndroidManifest.xml:35:13-37:85
162                android:name="com.google.firebase.components:com.google.firebase.FirebaseCommonKtxRegistrar"
162-->[com.google.firebase:firebase-common:20.4.2] AndroidManifest.xml:36:17-109
163                android:value="com.google.firebase.components.ComponentRegistrar" />
163-->[com.google.firebase:firebase-common:20.4.2] AndroidManifest.xml:37:17-82
164        </service>
165
166        <provider
166-->[com.google.firebase:firebase-common:20.4.2] AndroidManifest.xml:23:9-28:39
167            android:name="com.google.firebase.provider.FirebaseInitProvider"
167-->[com.google.firebase:firebase-common:20.4.2] AndroidManifest.xml:24:13-77
168            android:authorities="com.zira.app.firebaseinitprovider"
168-->[com.google.firebase:firebase-common:20.4.2] AndroidManifest.xml:25:13-72
169            android:directBootAware="true"
169-->[com.google.firebase:firebase-common:20.4.2] AndroidManifest.xml:26:13-43
170            android:exported="false"
170-->[com.google.firebase:firebase-common:20.4.2] AndroidManifest.xml:27:13-37
171            android:initOrder="100" />
171-->[com.google.firebase:firebase-common:20.4.2] AndroidManifest.xml:28:13-36
172
173        <activity
173-->[com.google.android.gms:play-services-base:18.0.1] AndroidManifest.xml:20:9-22:45
174            android:name="com.google.android.gms.common.api.GoogleApiActivity"
174-->[com.google.android.gms:play-services-base:18.0.1] AndroidManifest.xml:20:19-85
175            android:exported="false"
175-->[com.google.android.gms:play-services-base:18.0.1] AndroidManifest.xml:22:19-43
176            android:theme="@android:style/Theme.Translucent.NoTitleBar" />
176-->[com.google.android.gms:play-services-base:18.0.1] AndroidManifest.xml:21:19-78
177
178        <meta-data
178-->[com.google.android.gms:play-services-basement:18.1.0] AndroidManifest.xml:21:9-23:69
179            android:name="com.google.android.gms.version"
179-->[com.google.android.gms:play-services-basement:18.1.0] AndroidManifest.xml:22:13-58
180            android:value="@integer/google_play_services_version" />
180-->[com.google.android.gms:play-services-basement:18.1.0] AndroidManifest.xml:23:13-66
181
182        <service
182-->[androidx.room:room-runtime:2.6.1] AndroidManifest.xml:24:9-28:63
183            android:name="androidx.room.MultiInstanceInvalidationService"
183-->[androidx.room:room-runtime:2.6.1] AndroidManifest.xml:25:13-74
184            android:directBootAware="true"
184-->[androidx.room:room-runtime:2.6.1] AndroidManifest.xml:26:13-43
185            android:exported="false" />
185-->[androidx.room:room-runtime:2.6.1] AndroidManifest.xml:27:13-37
186
187        <receiver
187-->[androidx.profileinstaller:profileinstaller:1.3.0] AndroidManifest.xml:34:9-52:20
188            android:name="androidx.profileinstaller.ProfileInstallReceiver"
188-->[androidx.profileinstaller:profileinstaller:1.3.0] AndroidManifest.xml:35:13-76
189            android:directBootAware="false"
189-->[androidx.profileinstaller:profileinstaller:1.3.0] AndroidManifest.xml:36:13-44
190            android:enabled="true"
190-->[androidx.profileinstaller:profileinstaller:1.3.0] AndroidManifest.xml:37:13-35
191            android:exported="true"
191-->[androidx.profileinstaller:profileinstaller:1.3.0] AndroidManifest.xml:38:13-36
192            android:permission="android.permission.DUMP" >
192-->[androidx.profileinstaller:profileinstaller:1.3.0] AndroidManifest.xml:39:13-57
193            <intent-filter>
193-->[androidx.profileinstaller:profileinstaller:1.3.0] AndroidManifest.xml:40:13-42:29
194                <action android:name="androidx.profileinstaller.action.INSTALL_PROFILE" />
194-->[androidx.profileinstaller:profileinstaller:1.3.0] AndroidManifest.xml:41:17-91
194-->[androidx.profileinstaller:profileinstaller:1.3.0] AndroidManifest.xml:41:25-88
195            </intent-filter>
196            <intent-filter>
196-->[androidx.profileinstaller:profileinstaller:1.3.0] AndroidManifest.xml:43:13-45:29
197                <action android:name="androidx.profileinstaller.action.SKIP_FILE" />
197-->[androidx.profileinstaller:profileinstaller:1.3.0] AndroidManifest.xml:44:17-85
197-->[androidx.profileinstaller:profileinstaller:1.3.0] AndroidManifest.xml:44:25-82
198            </intent-filter>
199            <intent-filter>
199-->[androidx.profileinstaller:profileinstaller:1.3.0] AndroidManifest.xml:46:13-48:29
200                <action android:name="androidx.profileinstaller.action.SAVE_PROFILE" />
200-->[androidx.profileinstaller:profileinstaller:1.3.0] AndroidManifest.xml:47:17-88
200-->[androidx.profileinstaller:profileinstaller:1.3.0] AndroidManifest.xml:47:25-85
201            </intent-filter>
202            <intent-filter>
202-->[androidx.profileinstaller:profileinstaller:1.3.0] AndroidManifest.xml:49:13-51:29
203                <action android:name="androidx.profileinstaller.action.BENCHMARK_OPERATION" />
203-->[androidx.profileinstaller:profileinstaller:1.3.0] AndroidManifest.xml:50:17-95
203-->[androidx.profileinstaller:profileinstaller:1.3.0] AndroidManifest.xml:50:25-92
204            </intent-filter>
205        </receiver>
206    </application>
207
208</manifest>